<?xml version="1.0" encoding="UTF-8"?>
<!-- Generated by org.testng.reporters.JUnitReportReporter -->
<testsuite skipped="0" hostname="DESKTOP-B2E274S" name="test_VideoGameDB.VideoGameAPITesting" tests="2" failures="0" timestamp="2020-11-01T13:51:19 GMT+05:30" time="2.760" errors="0">
  <testcase name="getAllVideoGameDetails" time="2.286" classname="test_VideoGameDB.VideoGameAPITesting"/>
  <testcase name="postNewVideoGameDetails" time="0.474" classname="test_VideoGameDB.VideoGameAPITesting"/>
</testsuite> <!-- test_VideoGameDB.VideoGameAPITesting -->
