<?xml version="1.0" encoding="UTF-8"?>
<!-- Generated by org.testng.reporters.JUnitReportReporter -->
<testsuite skipped="0" hostname="DESKTOP-B2E274S" name="bookStoreAPI.GetBookDetails" tests="1" failures="0" timestamp="2020-10-31T22:45:15 GMT+05:30" time="3.120" errors="0">
  <testcase name="getBookDetails" time="3.120" classname="bookStoreAPI.GetBookDetails"/>
</testsuite> <!-- bookStoreAPI.GetBookDetails -->
